Flow report for Aula_03_ex_03
Wed Sep 24 22:23:41 2025
Quartus Prime Version 20.1.1 Build 720 11/11/2020 SJ Lite Edition


---------------------
; Table of Contents ;
---------------------
  1. Legal Notice
  2. Flow Summary
  3. Flow Settings
  4. Flow Non-Default Global Settings
  5. Flow Elapsed Time
  6. Flow OS Summary
  7. Flow Log
  8. Flow Messages
  9. Flow Suppressed Messages



----------------
; Legal Notice ;
----------------
Copyright (C) 2020  Intel Corporation. All rights reserved.
Your use of Intel Corporation's design tools, logic functions 
and other software and tools, and any partner logic 
functions, and any output files from any of the foregoing 
(including device programming or simulation files), and any 
associated documentation or information are expressly subject 
to the terms and conditions of the Intel Program License 
Subscription Agreement, the Intel Quartus Prime License Agreement,
the Intel FPGA IP License Agreement, or other applicable license
agreement, including, without limitation, that your use is for
the sole purpose of programming logic devices manufactured by
Intel and sold by Intel or its authorized distributors.  Please
refer to the applicable agreement for further details, at
https://fpgasoftware.intel.com/eula.



+---------------------------------------------------------------------+
; Flow Summary                                                        ;
+-----------------------+---------------------------------------------+
; Flow Status           ; Successful - Wed Sep 24 22:23:41 2025       ;
; Quartus Prime Version ; 20.1.1 Build 720 11/11/2020 SJ Lite Edition ;
; Revision Name         ; Aula_03_ex_03                               ;
; Top-level Entity Name ; Aula_03_ex_03                               ;
; Family                ; MAX II                                      ;
; Device                ; EPM240T100C5                                ;
; Timing Models         ; Final                                       ;
; Total logic elements  ; 48 / 240 ( 20 % )                           ;
; Total pins            ; 9 / 80 ( 11 % )                             ;
; Total virtual pins    ; 0                                           ;
; UFM blocks            ; 0 / 1 ( 0 % )                               ;
+-----------------------+---------------------------------------------+


+-----------------------------------------+
; Flow Settings                           ;
+-------------------+---------------------+
; Option            ; Setting             ;
+-------------------+---------------------+
; Start date & time ; 09/24/2025 22:18:48 ;
; Main task         ; Compilation         ;
; Revision Name     ; Aula_03_ex_03       ;
+-------------------+---------------------+


+-------------------------------------------------------------------------------------------------------------------+
; Flow Non-Default Global Settings                                                                                  ;
+---------------------------------------+--------------------------------+---------------+-------------+------------+
; Assignment Name                       ; Value                          ; Default Value ; Entity Name ; Section Id ;
+---------------------------------------+--------------------------------+---------------+-------------+------------+
; COMPILER_SIGNATURE_ID                 ; 31032330825100.175876312817356 ; --            ; --          ; --         ;
; MAX_CORE_JUNCTION_TEMP                ; 85                             ; --            ; --          ; --         ;
; MIN_CORE_JUNCTION_TEMP                ; 0                              ; --            ; --          ; --         ;
; POWER_EXT_SUPPLY_VOLTAGE_TO_REGULATOR ; 3.3V                           ; --            ; --          ; --         ;
; POWER_PRESET_COOLING_SOLUTION         ; No Heat Sink With Still Air    ; --            ; --          ; --         ;
; PROJECT_OUTPUT_DIRECTORY              ; output_files                   ; --            ; --          ; --         ;
+---------------------------------------+--------------------------------+---------------+-------------+------------+


+--------------------------------------------------------------------------------------------------------------------------+
; Flow Elapsed Time                                                                                                        ;
+----------------------+--------------+-------------------------+---------------------+------------------------------------+
; Module Name          ; Elapsed Time ; Average Processors Used ; Peak Virtual Memory ; Total CPU Time (on all processors) ;
+----------------------+--------------+-------------------------+---------------------+------------------------------------+
; Analysis & Synthesis ; 00:00:15     ; 1.0                     ; 4776 MB             ; 00:00:33                           ;
; Fitter               ; 00:00:02     ; 1.0                     ; 5077 MB             ; 00:00:02                           ;
; Assembler            ; 00:00:01     ; 1.0                     ; 4663 MB             ; 00:00:01                           ;
; Timing Analyzer      ; 00:00:01     ; 1.0                     ; 4665 MB             ; 00:00:01                           ;
; EDA Netlist Writer   ; 00:00:00     ; 1.0                     ; 4612 MB             ; 00:00:01                           ;
; EDA Netlist Writer   ; 00:00:01     ; 1.0                     ; 4621 MB             ; 00:00:01                           ;
; EDA Netlist Writer   ; 00:00:01     ; 1.0                     ; 4612 MB             ; 00:00:01                           ;
; EDA Netlist Writer   ; 00:00:01     ; 1.0                     ; 4621 MB             ; 00:00:01                           ;
; EDA Netlist Writer   ; 00:00:01     ; 1.0                     ; 4612 MB             ; 00:00:01                           ;
; EDA Netlist Writer   ; 00:00:01     ; 1.0                     ; 4621 MB             ; 00:00:01                           ;
; EDA Netlist Writer   ; 00:00:01     ; 1.0                     ; 4612 MB             ; 00:00:01                           ;
; EDA Netlist Writer   ; 00:00:02     ; 1.0                     ; 4621 MB             ; 00:00:01                           ;
; EDA Netlist Writer   ; 00:00:01     ; 1.0                     ; 4612 MB             ; 00:00:01                           ;
; EDA Netlist Writer   ; 00:00:01     ; 1.0                     ; 4621 MB             ; 00:00:01                           ;
; Total                ; 00:00:29     ; --                      ; --                  ; 00:00:47                           ;
+----------------------+--------------+-------------------------+---------------------+------------------------------------+


+------------------------------------------------------------------------------------+
; Flow OS Summary                                                                    ;
+----------------------+------------------+------------+------------+----------------+
; Module Name          ; Machine Hostname ; OS Name    ; OS Version ; Processor type ;
+----------------------+------------------+------------+------------+----------------+
; Analysis & Synthesis ; Nico             ; Windows 10 ; 10.0       ; x86_64         ;
; Fitter               ; Nico             ; Windows 10 ; 10.0       ; x86_64         ;
; Assembler            ; Nico             ; Windows 10 ; 10.0       ; x86_64         ;
; Timing Analyzer      ; Nico             ; Windows 10 ; 10.0       ; x86_64         ;
; EDA Netlist Writer   ; Nico             ; Windows 10 ; 10.0       ; x86_64         ;
; EDA Netlist Writer   ; Nico             ; Windows 10 ; 10.0       ; x86_64         ;
; EDA Netlist Writer   ; Nico             ; Windows 10 ; 10.0       ; x86_64         ;
; EDA Netlist Writer   ; Nico             ; Windows 10 ; 10.0       ; x86_64         ;
; EDA Netlist Writer   ; Nico             ; Windows 10 ; 10.0       ; x86_64         ;
; EDA Netlist Writer   ; Nico             ; Windows 10 ; 10.0       ; x86_64         ;
; EDA Netlist Writer   ; Nico             ; Windows 10 ; 10.0       ; x86_64         ;
; EDA Netlist Writer   ; Nico             ; Windows 10 ; 10.0       ; x86_64         ;
; EDA Netlist Writer   ; Nico             ; Windows 10 ; 10.0       ; x86_64         ;
; EDA Netlist Writer   ; Nico             ; Windows 10 ; 10.0       ; x86_64         ;
+----------------------+------------------+------------+------------+----------------+


------------
; Flow Log ;
------------
quartus_map --read_settings_files=on --write_settings_files=off Aula_03_ex_03 -c Aula_03_ex_03
quartus_fit --read_settings_files=off --write_settings_files=off Aula_03_ex_03 -c Aula_03_ex_03
quartus_asm --read_settings_files=off --write_settings_files=off Aula_03_ex_03 -c Aula_03_ex_03
quartus_sta Aula_03_ex_03 -c Aula_03_ex_03
quartus_eda --gen_testbench --tool=modelsim_oem --format=vhdl --write_settings_files=off Aula_03_ex_03 -c Aula_03_ex_03 --vector_source="C:/Users/nicol/Documents/Digitais/Projetos Quartus/ex_03/Waveform4.vwf" --testbench_file="C:/Users/nicol/Documents/Digitais/Projetos Quartus/ex_03/simulation/qsim/Waveform4.vwf.vht"
quartus_eda --write_settings_files=off --simulation=on --functional=on --flatten_buses=off --tool=modelsim_oem --format=vhdl --output_directory="C:/Users/nicol/Documents/Digitais/Projetos Quartus/ex_03/simulation/qsim/" Aula_03_ex_03 -c Aula_03_ex_03
quartus_eda --gen_testbench --tool=modelsim_oem --format=vhdl --write_settings_files=off Aula_03_ex_03 -c Aula_03_ex_03 --vector_source="C:/Users/nicol/Documents/Digitais/Projetos Quartus/ex_03/Waveform4.vwf" --testbench_file="C:/Users/nicol/Documents/Digitais/Projetos Quartus/ex_03/simulation/qsim/Waveform4.vwf.vht"
quartus_eda --write_settings_files=off --simulation=on --functional=on --flatten_buses=off --tool=modelsim_oem --format=vhdl --output_directory="C:/Users/nicol/Documents/Digitais/Projetos Quartus/ex_03/simulation/qsim/" Aula_03_ex_03 -c Aula_03_ex_03
quartus_eda --gen_testbench --tool=modelsim_oem --format=vhdl --write_settings_files=off Aula_03_ex_03 -c Aula_03_ex_03 --vector_source="C:/Users/nicol/Documents/Digitais/Projetos Quartus/ex_03/Waveform4.vwf" --testbench_file="C:/Users/nicol/Documents/Digitais/Projetos Quartus/ex_03/simulation/qsim/Waveform4.vwf.vht"
quartus_eda --write_settings_files=off --simulation=on --functional=on --flatten_buses=off --tool=modelsim_oem --format=vhdl --output_directory="C:/Users/nicol/Documents/Digitais/Projetos Quartus/ex_03/simulation/qsim/" Aula_03_ex_03 -c Aula_03_ex_03
quartus_eda --gen_testbench --tool=modelsim_oem --format=vhdl --write_settings_files=off Aula_03_ex_03 -c Aula_03_ex_03 --vector_source="C:/Users/nicol/Documents/Digitais/Projetos Quartus/ex_03/Waveform4.vwf" --testbench_file="C:/Users/nicol/Documents/Digitais/Projetos Quartus/ex_03/simulation/qsim/Waveform4.vwf.vht"
quartus_eda --write_settings_files=off --simulation=on --functional=on --flatten_buses=off --tool=modelsim_oem --format=vhdl --output_directory="C:/Users/nicol/Documents/Digitais/Projetos Quartus/ex_03/simulation/qsim/" Aula_03_ex_03 -c Aula_03_ex_03
quartus_eda --gen_testbench --tool=modelsim_oem --format=vhdl --write_settings_files=off Aula_03_ex_03 -c Aula_03_ex_03 --vector_source="C:/Users/nicol/Documents/Digitais/Projetos Quartus/ex_03/Waveform4.vwf" --testbench_file="C:/Users/nicol/Documents/Digitais/Projetos Quartus/ex_03/simulation/qsim/Waveform4.vwf.vht"
quartus_eda --write_settings_files=off --simulation=on --functional=on --flatten_buses=off --tool=modelsim_oem --format=vhdl --output_directory="C:/Users/nicol/Documents/Digitais/Projetos Quartus/ex_03/simulation/qsim/" Aula_03_ex_03 -c Aula_03_ex_03



