Analysis & Synthesis report for detector_sequencia_top
Thu Dec 04 09:57:15 2025
Quartus Prime Version 20.1.1 Build 720 11/11/2020 SJ Lite Edition


---------------------
; Table of Contents ;
---------------------
  1. Legal Notice
  2. Analysis & Synthesis Summary
  3. Analysis & Synthesis Settings
  4. Parallel Compilation
  5. Analysis & Synthesis Source Files Read
  6. Analysis & Synthesis Resource Usage Summary
  7. Analysis & Synthesis Resource Utilization by Entity
  8. General Register Statistics
  9. Multiplexer Restructuring Statistics (Restructuring Performed)
 10. Parameter Settings for User Entity Instance: chained_divider:U1_DIV
 11. Parameter Settings for User Entity Instance: debounce_v1:U2_DEB_RST
 12. Port Connectivity Checks: "dec_7seg:U5_DEC_RESULT"
 13. Analysis & Synthesis Messages



----------------
; Legal Notice ;
----------------
Copyright (C) 2020  Intel Corporation. All rights reserved.
Your use of Intel Corporation's design tools, logic functions 
and other software and tools, and any partner logic 
functions, and any output files from any of the foregoing 
(including device programming or simulation files), and any 
associated documentation or information are expressly subject 
to the terms and conditions of the Intel Program License 
Subscription Agreement, the Intel Quartus Prime License Agreement,
the Intel FPGA IP License Agreement, or other applicable license
agreement, including, without limitation, that your use is for
the sole purpose of programming logic devices manufactured by
Intel and sold by Intel or its authorized distributors.  Please
refer to the applicable agreement for further details, at
https://fpgasoftware.intel.com/eula.



+---------------------------------------------------------------------------+
; Analysis & Synthesis Summary                                              ;
+-----------------------------+---------------------------------------------+
; Analysis & Synthesis Status ; Successful - Thu Dec 04 09:57:15 2025       ;
; Quartus Prime Version       ; 20.1.1 Build 720 11/11/2020 SJ Lite Edition ;
; Revision Name               ; detector_sequencia_top                      ;
; Top-level Entity Name       ; detector_sequencia_top                      ;
; Family                      ; MAX II                                      ;
; Total logic elements        ; 70                                          ;
; Total pins                  ; 17                                          ;
; Total virtual pins          ; 0                                           ;
; UFM blocks                  ; 0 / 1 ( 0 % )                               ;
+-----------------------------+---------------------------------------------+


+--------------------------------------------------------------------------------------------------------------------+
; Analysis & Synthesis Settings                                                                                      ;
+------------------------------------------------------------------+------------------------+------------------------+
; Option                                                           ; Setting                ; Default Value          ;
+------------------------------------------------------------------+------------------------+------------------------+
; Device                                                           ; EPM240T100C5           ;                        ;
; Top-level entity name                                            ; detector_sequencia_top ; detector_sequencia_top ;
; Family name                                                      ; MAX II                 ; Cyclone V              ;
; Use smart compilation                                            ; Off                    ; Off                    ;
; Enable parallel Assembler and Timing Analyzer during compilation ; On                     ; On                     ;
; Enable compact report table                                      ; Off                    ; Off                    ;
; Restructure Multiplexers                                         ; Auto                   ; Auto                   ;
; Create Debugging Nodes for IP Cores                              ; Off                    ; Off                    ;
; Preserve fewer node names                                        ; On                     ; On                     ;
; Intel FPGA IP Evaluation Mode                                    ; Enable                 ; Enable                 ;
; Verilog Version                                                  ; Verilog_2001           ; Verilog_2001           ;
; VHDL Version                                                     ; VHDL_1993              ; VHDL_1993              ;
; State Machine Processing                                         ; Auto                   ; Auto                   ;
; Safe State Machine                                               ; Off                    ; Off                    ;
; Extract Verilog State Machines                                   ; On                     ; On                     ;
; Extract VHDL State Machines                                      ; On                     ; On                     ;
; Ignore Verilog initial constructs                                ; Off                    ; Off                    ;
; Iteration limit for constant Verilog loops                       ; 5000                   ; 5000                   ;
; Iteration limit for non-constant Verilog loops                   ; 250                    ; 250                    ;
; Add Pass-Through Logic to Inferred RAMs                          ; On                     ; On                     ;
; Infer RAMs from Raw Logic                                        ; On                     ; On                     ;
; Parallel Synthesis                                               ; On                     ; On                     ;
; NOT Gate Push-Back                                               ; On                     ; On                     ;
; Power-Up Don't Care                                              ; On                     ; On                     ;
; Remove Redundant Logic Cells                                     ; Off                    ; Off                    ;
; Remove Duplicate Registers                                       ; On                     ; On                     ;
; Ignore CARRY Buffers                                             ; Off                    ; Off                    ;
; Ignore CASCADE Buffers                                           ; Off                    ; Off                    ;
; Ignore GLOBAL Buffers                                            ; Off                    ; Off                    ;
; Ignore ROW GLOBAL Buffers                                        ; Off                    ; Off                    ;
; Ignore LCELL Buffers                                             ; Off                    ; Off                    ;
; Ignore SOFT Buffers                                              ; On                     ; On                     ;
; Limit AHDL Integers to 32 Bits                                   ; Off                    ; Off                    ;
; Optimization Technique                                           ; Balanced               ; Balanced               ;
; Carry Chain Length                                               ; 70                     ; 70                     ;
; Auto Carry Chains                                                ; On                     ; On                     ;
; Auto Open-Drain Pins                                             ; On                     ; On                     ;
; Perform WYSIWYG Primitive Resynthesis                            ; Off                    ; Off                    ;
; Auto Shift Register Replacement                                  ; Auto                   ; Auto                   ;
; Allow Shift Register Merging across Hierarchies                  ; Auto                   ; Auto                   ;
; Auto Clock Enable Replacement                                    ; On                     ; On                     ;
; Allow Synchronous Control Signals                                ; On                     ; On                     ;
; Force Use of Synchronous Clear Signals                           ; Off                    ; Off                    ;
; Auto Resource Sharing                                            ; Off                    ; Off                    ;
; Use LogicLock Constraints during Resource Balancing              ; On                     ; On                     ;
; Ignore translate_off and synthesis_off directives                ; Off                    ; Off                    ;
; Report Parameter Settings                                        ; On                     ; On                     ;
; Report Source Assignments                                        ; On                     ; On                     ;
; Report Connectivity Checks                                       ; On                     ; On                     ;
; Ignore Maximum Fan-Out Assignments                               ; Off                    ; Off                    ;
; Synchronization Register Chain Length                            ; 2                      ; 2                      ;
; Power Optimization During Synthesis                              ; Normal compilation     ; Normal compilation     ;
; HDL message level                                                ; Level2                 ; Level2                 ;
; Suppress Register Optimization Related Messages                  ; Off                    ; Off                    ;
; Number of Removed Registers Reported in Synthesis Report         ; 5000                   ; 5000                   ;
; Number of Swept Nodes Reported in Synthesis Report               ; 5000                   ; 5000                   ;
; Number of Inverted Registers Reported in Synthesis Report        ; 100                    ; 100                    ;
; Clock MUX Protection                                             ; On                     ; On                     ;
; Block Design Naming                                              ; Auto                   ; Auto                   ;
; Synthesis Effort                                                 ; Auto                   ; Auto                   ;
; Shift Register Replacement - Allow Asynchronous Clear Signal     ; On                     ; On                     ;
; Analysis & Synthesis Message Level                               ; Medium                 ; Medium                 ;
; Disable Register Merging Across Hierarchies                      ; Auto                   ; Auto                   ;
+------------------------------------------------------------------+------------------------+------------------------+


+------------------------------------------+
; Parallel Compilation                     ;
+----------------------------+-------------+
; Processors                 ; Number      ;
+----------------------------+-------------+
; Number detected on machine ; 4           ;
; Maximum allowed            ; 4           ;
;                            ;             ;
; Average used               ; 1.00        ;
; Maximum used               ; 1           ;
;                            ;             ;
; Usage by Processor         ; % Time Used ;
;     Processor 1            ; 100.0%      ;
+----------------------------+-------------+


+--------------------------------------------------------------------------------------------------------------------------------------------------------------------+
; Analysis & Synthesis Source Files Read                                                                                                                             ;
+----------------------------------+-----------------+-----------------+-----------------------------------------------------------------------------------+---------+
; File Name with User-Entered Path ; Used in Netlist ; File Type       ; File Name with Absolute Path                                                      ; Library ;
+----------------------------------+-----------------+-----------------+-----------------------------------------------------------------------------------+---------+
; detector_sequencia_top.vhd       ; yes             ; User VHDL File  ; D:/Bella/UTFPR/5periodo/github/Digitais/Lab_07/Quartus/detector_sequencia_top.vhd ;         ;
; det_seq_100010.vhd               ; yes             ; User VHDL File  ; D:/Bella/UTFPR/5periodo/github/Digitais/Lab_07/Quartus/det_seq_100010.vhd         ;         ;
; dec_7seg.vhd                     ; yes             ; User VHDL File  ; D:/Bella/UTFPR/5periodo/github/Digitais/Lab_07/Quartus/dec_7seg.vhd               ;         ;
; debounce_v1.vhd                  ; yes             ; User VHDL File  ; D:/Bella/UTFPR/5periodo/github/Digitais/Lab_07/Quartus/debounce_v1.vhd            ;         ;
; chained_divider.vhd              ; yes             ; User VHDL File  ; D:/Bella/UTFPR/5periodo/github/Digitais/Lab_07/Quartus/chained_divider.vhd        ;         ;
+----------------------------------+-----------------+-----------------+-----------------------------------------------------------------------------------+---------+


+---------------------------------------------------------+
; Analysis & Synthesis Resource Usage Summary             ;
+---------------------------------------------+-----------+
; Resource                                    ; Usage     ;
+---------------------------------------------+-----------+
; Total logic elements                        ; 70        ;
;     -- Combinational with no register       ; 35        ;
;     -- Register only                        ; 14        ;
;     -- Combinational with a register        ; 21        ;
;                                             ;           ;
; Logic element usage by number of LUT inputs ;           ;
;     -- 4 input functions                    ; 23        ;
;     -- 3 input functions                    ; 10        ;
;     -- 2 input functions                    ; 21        ;
;     -- 1 input functions                    ; 2         ;
;     -- 0 input functions                    ; 0         ;
;                                             ;           ;
; Logic elements by mode                      ;           ;
;     -- normal mode                          ; 51        ;
;     -- arithmetic mode                      ; 19        ;
;     -- qfbk mode                            ; 0         ;
;     -- register cascade mode                ; 0         ;
;     -- synchronous clear/load mode          ; 0         ;
;     -- asynchronous clear/load mode         ; 3         ;
;                                             ;           ;
; Total registers                             ; 35        ;
; Total logic cells in carry chains           ; 21        ;
; I/O pins                                    ; 17        ;
; Maximum fan-out node                        ; CLK_50MHz ;
; Maximum fan-out                             ; 16        ;
; Total fan-out                               ; 229       ;
; Average fan-out                             ; 2.63      ;
+---------------------------------------------+-----------+


+-----------------------------------------------------------------------------------------------------------------------------------------------------------------------------------------------------------------------------------------------------------------------------------+
; Analysis & Synthesis Resource Utilization by Entity                                                                                                                                                                                                                               ;
+---------------------------------+-------------+--------------+------------+------+--------------+--------------+-------------------+------------------+-----------------+------------+----------------------------------------------------+------------------------+--------------+
; Compilation Hierarchy Node      ; Logic Cells ; LC Registers ; UFM Blocks ; Pins ; Virtual Pins ; LUT-Only LCs ; Register-Only LCs ; LUT/Register LCs ; Carry Chain LCs ; Packed LCs ; Full Hierarchy Name                                ; Entity Name            ; Library Name ;
+---------------------------------+-------------+--------------+------------+------+--------------+--------------+-------------------+------------------+-----------------+------------+----------------------------------------------------+------------------------+--------------+
; |detector_sequencia_top         ; 70 (0)      ; 35           ; 0          ; 17   ; 0            ; 35 (0)       ; 14 (0)            ; 21 (0)           ; 21 (0)          ; 0 (0)      ; |detector_sequencia_top                            ; detector_sequencia_top ; work         ;
;    |chained_divider:U1_DIV|     ; 53 (53)     ; 27           ; 0          ; 0    ; 0            ; 26 (26)      ; 12 (12)           ; 15 (15)          ; 21 (21)         ; 0 (0)      ; |detector_sequencia_top|chained_divider:U1_DIV     ; chained_divider        ; work         ;
;    |debounce_v1:U2_DEB_RST|     ; 6 (6)       ; 5            ; 0          ; 0    ; 0            ; 1 (1)        ; 2 (2)             ; 3 (3)            ; 0 (0)           ; 0 (0)      ; |detector_sequencia_top|debounce_v1:U2_DEB_RST     ; debounce_v1            ; work         ;
;    |dec_7seg:U4_DEC_ESTADO|     ; 7 (7)       ; 0            ; 0          ; 0    ; 0            ; 7 (7)        ; 0 (0)             ; 0 (0)            ; 0 (0)           ; 0 (0)      ; |detector_sequencia_top|dec_7seg:U4_DEC_ESTADO     ; dec_7seg               ; work         ;
;    |det_seq_100010:U3_DETECTOR| ; 4 (4)       ; 3            ; 0          ; 0    ; 0            ; 1 (1)        ; 0 (0)             ; 3 (3)            ; 0 (0)           ; 0 (0)      ; |detector_sequencia_top|det_seq_100010:U3_DETECTOR ; det_seq_100010         ; work         ;
+---------------------------------+-------------+--------------+------------+------+--------------+--------------+-------------------+------------------+-----------------+------------+----------------------------------------------------+------------------------+--------------+
Note: For table entries with two numbers listed, the numbers in parentheses indicate the number of resources of the given type used by the specific entity alone. The numbers listed outside of parentheses indicate the total resources of the given type used by the specific entity and all of its sub-entities in the hierarchy.


+------------------------------------------------------+
; General Register Statistics                          ;
+----------------------------------------------+-------+
; Statistic                                    ; Value ;
+----------------------------------------------+-------+
; Total registers                              ; 35    ;
; Number of registers using Synchronous Clear  ; 0     ;
; Number of registers using Synchronous Load   ; 0     ;
; Number of registers using Asynchronous Clear ; 3     ;
; Number of registers using Asynchronous Load  ; 0     ;
; Number of registers using Clock Enable       ; 0     ;
; Number of registers using Preset             ; 0     ;
+----------------------------------------------+-------+


+-----------------------------------------------------------------------------------------------------------------------------------------------------------------------------+
; Multiplexer Restructuring Statistics (Restructuring Performed)                                                                                                              ;
+--------------------+-----------+---------------+----------------------+------------------------+------------+---------------------------------------------------------------+
; Multiplexer Inputs ; Bus Width ; Baseline Area ; Area if Restructured ; Saving if Restructured ; Registered ; Example Multiplexer Output                                    ;
+--------------------+-----------+---------------+----------------------+------------------------+------------+---------------------------------------------------------------+
; 3:1                ; 2 bits    ; 4 LEs         ; 2 LEs                ; 2 LEs                  ; Yes        ; |detector_sequencia_top|debounce_v1:U2_DEB_RST|counter_out[0] ;
+--------------------+-----------+---------------+----------------------+------------------------+------------+---------------------------------------------------------------+


+---------------------------------------------------------------------+
; Parameter Settings for User Entity Instance: chained_divider:U1_DIV ;
+----------------+-------+--------------------------------------------+
; Parameter Name ; Value ; Type                                       ;
+----------------+-------+--------------------------------------------+
; n1             ; 25000 ; Signed Integer                             ;
; n2             ; 5     ; Signed Integer                             ;
; n3             ; 50    ; Signed Integer                             ;
+----------------+-------+--------------------------------------------+
Note: In order to hide this table in the UI and the text report file, please set the "Show Parameter Settings in Synthesis Report" option in "Analysis and Synthesis Settings -> More Settings" to "Off".


+---------------------------------------------------------------------+
; Parameter Settings for User Entity Instance: debounce_v1:U2_DEB_RST ;
+----------------+-------+--------------------------------------------+
; Parameter Name ; Value ; Type                                       ;
+----------------+-------+--------------------------------------------+
; counter_size   ; 1     ; Signed Integer                             ;
+----------------+-------+--------------------------------------------+
Note: In order to hide this table in the UI and the text report file, please set the "Show Parameter Settings in Synthesis Report" option in "Analysis and Synthesis Settings -> More Settings" to "Off".


+----------------------------------------------------+
; Port Connectivity Checks: "dec_7seg:U5_DEC_RESULT" ;
+--------------+-------+----------+------------------+
; Port         ; Type  ; Severity ; Details          ;
+--------------+-------+----------+------------------+
; bin_in[3..1] ; Input ; Info     ; Stuck at GND     ;
+--------------+-------+----------+------------------+


+-------------------------------+
; Analysis & Synthesis Messages ;
+-------------------------------+
Info: *******************************************************************
Info: Running Quartus Prime Analysis & Synthesis
    Info: Version 20.1.1 Build 720 11/11/2020 SJ Lite Edition
    Info: Processing started: Thu Dec 04 09:57:05 2025
Info: Command: quartus_map --read_settings_files=on --write_settings_files=off detector_sequencia_top -c detector_sequencia_top
Warning (18236): Number of processors has not been specified which may cause overloading on shared machines.  Set the global assignment NUM_PARALLEL_PROCESSORS in your QSF to an appropriate value for best performance.
Info (20030): Parallel compilation is enabled and will use 4 of the 4 processors detected
Info (12021): Found 2 design units, including 1 entities, in source file detector_sequencia_top.vhd
    Info (12022): Found design unit 1: detector_sequencia_top-arch File: D:/Bella/UTFPR/5periodo/github/Digitais/Lab_07/Quartus/detector_sequencia_top.vhd Line: 18
    Info (12023): Found entity 1: detector_sequencia_top File: D:/Bella/UTFPR/5periodo/github/Digitais/Lab_07/Quartus/detector_sequencia_top.vhd Line: 5
Info (12021): Found 2 design units, including 1 entities, in source file det_seq_100010.vhd
    Info (12022): Found design unit 1: det_seq_100010-detetor File: D:/Bella/UTFPR/5periodo/github/Digitais/Lab_07/Quartus/det_seq_100010.vhd Line: 23
    Info (12023): Found entity 1: det_seq_100010 File: D:/Bella/UTFPR/5periodo/github/Digitais/Lab_07/Quartus/det_seq_100010.vhd Line: 12
Info (12021): Found 2 design units, including 1 entities, in source file dec_7seg.vhd
    Info (12022): Found design unit 1: dec_7seg-arch File: D:/Bella/UTFPR/5periodo/github/Digitais/Lab_07/Quartus/dec_7seg.vhd Line: 11
    Info (12023): Found entity 1: dec_7seg File: D:/Bella/UTFPR/5periodo/github/Digitais/Lab_07/Quartus/dec_7seg.vhd Line: 4
Info (12021): Found 2 design units, including 1 entities, in source file debounce_v1.vhd
    Info (12022): Found design unit 1: debounce_v1-logic File: D:/Bella/UTFPR/5periodo/github/Digitais/Lab_07/Quartus/debounce_v1.vhd Line: 36
    Info (12023): Found entity 1: debounce_v1 File: D:/Bella/UTFPR/5periodo/github/Digitais/Lab_07/Quartus/debounce_v1.vhd Line: 27
Info (12021): Found 2 design units, including 1 entities, in source file chained_divider.vhd
    Info (12022): Found design unit 1: chained_divider-behavioral File: D:/Bella/UTFPR/5periodo/github/Digitais/Lab_07/Quartus/chained_divider.vhd Line: 24
    Info (12023): Found entity 1: chained_divider File: D:/Bella/UTFPR/5periodo/github/Digitais/Lab_07/Quartus/chained_divider.vhd Line: 10
Info (12127): Elaborating entity "detector_sequencia_top" for the top level hierarchy
Info (12128): Elaborating entity "chained_divider" for hierarchy "chained_divider:U1_DIV" File: D:/Bella/UTFPR/5periodo/github/Digitais/Lab_07/Quartus/detector_sequencia_top.vhd Line: 59
Info (12128): Elaborating entity "debounce_v1" for hierarchy "debounce_v1:U2_DEB_RST" File: D:/Bella/UTFPR/5periodo/github/Digitais/Lab_07/Quartus/detector_sequencia_top.vhd Line: 64
Info (12128): Elaborating entity "det_seq_100010" for hierarchy "det_seq_100010:U3_DETECTOR" File: D:/Bella/UTFPR/5periodo/github/Digitais/Lab_07/Quartus/detector_sequencia_top.vhd Line: 68
Info (12128): Elaborating entity "dec_7seg" for hierarchy "dec_7seg:U4_DEC_ESTADO" File: D:/Bella/UTFPR/5periodo/github/Digitais/Lab_07/Quartus/detector_sequencia_top.vhd Line: 78
Warning (13024): Output pins are stuck at VCC or GND
    Warning (13410): Pin "DISPLAY_RESULT[1]" is stuck at VCC File: D:/Bella/UTFPR/5periodo/github/Digitais/Lab_07/Quartus/detector_sequencia_top.vhd Line: 14
    Warning (13410): Pin "DISPLAY_RESULT[2]" is stuck at VCC File: D:/Bella/UTFPR/5periodo/github/Digitais/Lab_07/Quartus/detector_sequencia_top.vhd Line: 14
    Warning (13410): Pin "DISPLAY_RESULT[6]" is stuck at GND File: D:/Bella/UTFPR/5periodo/github/Digitais/Lab_07/Quartus/detector_sequencia_top.vhd Line: 14
Info (21057): Implemented 87 device resources after synthesis - the final resource count might be different
    Info (21058): Implemented 3 input pins
    Info (21059): Implemented 14 output pins
    Info (21061): Implemented 70 logic cells
Info: Quartus Prime Analysis & Synthesis was successful. 0 errors, 5 warnings
    Info: Peak virtual memory: 4766 megabytes
    Info: Processing ended: Thu Dec 04 09:57:15 2025
    Info: Elapsed time: 00:00:10
    Info: Total CPU time (on all processors): 00:00:18


