Analysis & Synthesis report for exercicio2_top
Thu Nov 27 19:47:09 2025
Quartus Prime Version 20.1.1 Build 720 11/11/2020 SJ Lite Edition


---------------------
; Table of Contents ;
---------------------
  1. Legal Notice
  2. Analysis & Synthesis Summary
  3. Analysis & Synthesis Settings
  4. Parallel Compilation
  5. Analysis & Synthesis Source Files Read
  6. Analysis & Synthesis Resource Usage Summary
  7. Analysis & Synthesis Resource Utilization by Entity
  8. Registers Removed During Synthesis
  9. General Register Statistics
 10. Multiplexer Restructuring Statistics (Restructuring Performed)
 11. Parameter Settings for User Entity Instance: divisor:U1
 12. Parameter Settings for User Entity Instance: debounce_v1:U2
 13. Analysis & Synthesis Messages



----------------
; Legal Notice ;
----------------
Copyright (C) 2020  Intel Corporation. All rights reserved.
Your use of Intel Corporation's design tools, logic functions 
and other software and tools, and any partner logic 
functions, and any output files from any of the foregoing 
(including device programming or simulation files), and any 
associated documentation or information are expressly subject 
to the terms and conditions of the Intel Program License 
Subscription Agreement, the Intel Quartus Prime License Agreement,
the Intel FPGA IP License Agreement, or other applicable license
agreement, including, without limitation, that your use is for
the sole purpose of programming logic devices manufactured by
Intel and sold by Intel or its authorized distributors.  Please
refer to the applicable agreement for further details, at
https://fpgasoftware.intel.com/eula.



+---------------------------------------------------------------------------+
; Analysis & Synthesis Summary                                              ;
+-----------------------------+---------------------------------------------+
; Analysis & Synthesis Status ; Successful - Thu Nov 27 19:47:09 2025       ;
; Quartus Prime Version       ; 20.1.1 Build 720 11/11/2020 SJ Lite Edition ;
; Revision Name               ; exercicio2_top                              ;
; Top-level Entity Name       ; exercicio2_top                              ;
; Family                      ; MAX II                                      ;
; Total logic elements        ; 132                                         ;
; Total pins                  ; 19                                          ;
; Total virtual pins          ; 0                                           ;
; UFM blocks                  ; 0 / 1 ( 0 % )                               ;
+-----------------------------+---------------------------------------------+


+------------------------------------------------------------------------------------------------------------+
; Analysis & Synthesis Settings                                                                              ;
+------------------------------------------------------------------+--------------------+--------------------+
; Option                                                           ; Setting            ; Default Value      ;
+------------------------------------------------------------------+--------------------+--------------------+
; Device                                                           ; EPM240T100C5       ;                    ;
; Top-level entity name                                            ; exercicio2_top     ; exercicio2_top     ;
; Family name                                                      ; MAX II             ; Cyclone V          ;
; Use smart compilation                                            ; Off                ; Off                ;
; Enable parallel Assembler and Timing Analyzer during compilation ; On                 ; On                 ;
; Enable compact report table                                      ; Off                ; Off                ;
; Restructure Multiplexers                                         ; Auto               ; Auto               ;
; Create Debugging Nodes for IP Cores                              ; Off                ; Off                ;
; Preserve fewer node names                                        ; On                 ; On                 ;
; Intel FPGA IP Evaluation Mode                                    ; Enable             ; Enable             ;
; Verilog Version                                                  ; Verilog_2001       ; Verilog_2001       ;
; VHDL Version                                                     ; VHDL_1993          ; VHDL_1993          ;
; State Machine Processing                                         ; Auto               ; Auto               ;
; Safe State Machine                                               ; Off                ; Off                ;
; Extract Verilog State Machines                                   ; On                 ; On                 ;
; Extract VHDL State Machines                                      ; On                 ; On                 ;
; Ignore Verilog initial constructs                                ; Off                ; Off                ;
; Iteration limit for constant Verilog loops                       ; 5000               ; 5000               ;
; Iteration limit for non-constant Verilog loops                   ; 250                ; 250                ;
; Add Pass-Through Logic to Inferred RAMs                          ; On                 ; On                 ;
; Infer RAMs from Raw Logic                                        ; On                 ; On                 ;
; Parallel Synthesis                                               ; On                 ; On                 ;
; NOT Gate Push-Back                                               ; On                 ; On                 ;
; Power-Up Don't Care                                              ; On                 ; On                 ;
; Remove Redundant Logic Cells                                     ; Off                ; Off                ;
; Remove Duplicate Registers                                       ; On                 ; On                 ;
; Ignore CARRY Buffers                                             ; Off                ; Off                ;
; Ignore CASCADE Buffers                                           ; Off                ; Off                ;
; Ignore GLOBAL Buffers                                            ; Off                ; Off                ;
; Ignore ROW GLOBAL Buffers                                        ; Off                ; Off                ;
; Ignore LCELL Buffers                                             ; Off                ; Off                ;
; Ignore SOFT Buffers                                              ; On                 ; On                 ;
; Limit AHDL Integers to 32 Bits                                   ; Off                ; Off                ;
; Optimization Technique                                           ; Balanced           ; Balanced           ;
; Carry Chain Length                                               ; 70                 ; 70                 ;
; Auto Carry Chains                                                ; On                 ; On                 ;
; Auto Open-Drain Pins                                             ; On                 ; On                 ;
; Perform WYSIWYG Primitive Resynthesis                            ; Off                ; Off                ;
; Auto Shift Register Replacement                                  ; Auto               ; Auto               ;
; Allow Shift Register Merging across Hierarchies                  ; Auto               ; Auto               ;
; Auto Clock Enable Replacement                                    ; On                 ; On                 ;
; Allow Synchronous Control Signals                                ; On                 ; On                 ;
; Force Use of Synchronous Clear Signals                           ; Off                ; Off                ;
; Auto Resource Sharing                                            ; Off                ; Off                ;
; Use LogicLock Constraints during Resource Balancing              ; On                 ; On                 ;
; Ignore translate_off and synthesis_off directives                ; Off                ; Off                ;
; Report Parameter Settings                                        ; On                 ; On                 ;
; Report Source Assignments                                        ; On                 ; On                 ;
; Report Connectivity Checks                                       ; On                 ; On                 ;
; Ignore Maximum Fan-Out Assignments                               ; Off                ; Off                ;
; Synchronization Register Chain Length                            ; 2                  ; 2                  ;
; Power Optimization During Synthesis                              ; Normal compilation ; Normal compilation ;
; HDL message level                                                ; Level2             ; Level2             ;
; Suppress Register Optimization Related Messages                  ; Off                ; Off                ;
; Number of Removed Registers Reported in Synthesis Report         ; 5000               ; 5000               ;
; Number of Swept Nodes Reported in Synthesis Report               ; 5000               ; 5000               ;
; Number of Inverted Registers Reported in Synthesis Report        ; 100                ; 100                ;
; Clock MUX Protection                                             ; On                 ; On                 ;
; Block Design Naming                                              ; Auto               ; Auto               ;
; Synthesis Effort                                                 ; Auto               ; Auto               ;
; Shift Register Replacement - Allow Asynchronous Clear Signal     ; On                 ; On                 ;
; Analysis & Synthesis Message Level                               ; Medium             ; Medium             ;
; Disable Register Merging Across Hierarchies                      ; Auto               ; Auto               ;
+------------------------------------------------------------------+--------------------+--------------------+


+------------------------------------------+
; Parallel Compilation                     ;
+----------------------------+-------------+
; Processors                 ; Number      ;
+----------------------------+-------------+
; Number detected on machine ; 4           ;
; Maximum allowed            ; 2           ;
;                            ;             ;
; Average used               ; 1.00        ;
; Maximum used               ; 1           ;
;                            ;             ;
; Usage by Processor         ; % Time Used ;
;     Processor 1            ; 100.0%      ;
+----------------------------+-------------+


+------------------------------------------------------------------------------------------------------------------------------------------------------------------------------+
; Analysis & Synthesis Source Files Read                                                                                                                                       ;
+----------------------------------+-----------------+-----------------+---------------------------------------------------------------------------------------------+---------+
; File Name with User-Entered Path ; Used in Netlist ; File Type       ; File Name with Absolute Path                                                                ; Library ;
+----------------------------------+-----------------+-----------------+---------------------------------------------------------------------------------------------+---------+
; sequencia_ra_vhdl.vhd            ; yes             ; User VHDL File  ; C:/Users/nicol/OneDrive/햞ea de Trabalho/Digitais/Aula_06/Quartus/ex2/sequencia_ra_vhdl.vhd ;         ;
; exercicio2_top.vhd               ; yes             ; User VHDL File  ; C:/Users/nicol/OneDrive/햞ea de Trabalho/Digitais/Aula_06/Quartus/ex2/exercicio2_top.vhd    ;         ;
; divisor.vhd                      ; yes             ; User VHDL File  ; C:/Users/nicol/OneDrive/햞ea de Trabalho/Digitais/Aula_06/Quartus/ex2/divisor.vhd           ;         ;
; debounce_v1.vhd                  ; yes             ; User VHDL File  ; C:/Users/nicol/OneDrive/햞ea de Trabalho/Digitais/Aula_06/Quartus/ex2/debounce_v1.vhd       ;         ;
+----------------------------------+-----------------+-----------------+---------------------------------------------------------------------------------------------+---------+


+---------------------------------------------------------+
; Analysis & Synthesis Resource Usage Summary             ;
+---------------------------------------------+-----------+
; Resource                                    ; Usage     ;
+---------------------------------------------+-----------+
; Total logic elements                        ; 132       ;
;     -- Combinational with no register       ; 74        ;
;     -- Register only                        ; 24        ;
;     -- Combinational with a register        ; 34        ;
;                                             ;           ;
; Logic element usage by number of LUT inputs ;           ;
;     -- 4 input functions                    ; 28        ;
;     -- 3 input functions                    ; 12        ;
;     -- 2 input functions                    ; 63        ;
;     -- 1 input functions                    ; 5         ;
;     -- 0 input functions                    ; 0         ;
;                                             ;           ;
; Logic elements by mode                      ;           ;
;     -- normal mode                          ; 83        ;
;     -- arithmetic mode                      ; 49        ;
;     -- qfbk mode                            ; 0         ;
;     -- register cascade mode                ; 0         ;
;     -- synchronous clear/load mode          ; 10        ;
;     -- asynchronous clear/load mode         ; 0         ;
;                                             ;           ;
; Total registers                             ; 58        ;
; Total logic cells in carry chains           ; 53        ;
; I/O pins                                    ; 19        ;
; Maximum fan-out node                        ; CLK_50MHz ;
; Maximum fan-out                             ; 43        ;
; Total fan-out                               ; 394       ;
; Average fan-out                             ; 2.61      ;
+---------------------------------------------+-----------+


+------------------------------------------------------------------------------------------------------------------------------------------------------------------------------------------------------------------------------------------------------------------+
; Analysis & Synthesis Resource Utilization by Entity                                                                                                                                                                                                              ;
+-------------------------------+-------------+--------------+------------+------+--------------+--------------+-------------------+------------------+-----------------+------------+------------------------------------------+-------------------+--------------+
; Compilation Hierarchy Node    ; Logic Cells ; LC Registers ; UFM Blocks ; Pins ; Virtual Pins ; LUT-Only LCs ; Register-Only LCs ; LUT/Register LCs ; Carry Chain LCs ; Packed LCs ; Full Hierarchy Name                      ; Entity Name       ; Library Name ;
+-------------------------------+-------------+--------------+------------+------+--------------+--------------+-------------------+------------------+-----------------+------------+------------------------------------------+-------------------+--------------+
; |exercicio2_top               ; 132 (0)     ; 58           ; 0          ; 19   ; 0            ; 74 (0)       ; 24 (0)            ; 34 (0)           ; 53 (0)          ; 0 (0)      ; |exercicio2_top                          ; exercicio2_top    ; work         ;
;    |debounce_v1:U2|           ; 11 (11)     ; 8            ; 0          ; 0    ; 0            ; 3 (3)        ; 1 (1)             ; 7 (7)            ; 5 (5)           ; 0 (0)      ; |exercicio2_top|debounce_v1:U2           ; debounce_v1       ; work         ;
;    |divisor:U1|               ; 99 (99)     ; 43           ; 0          ; 0    ; 0            ; 56 (56)      ; 22 (22)           ; 21 (21)          ; 43 (43)         ; 0 (0)      ; |exercicio2_top|divisor:U1               ; divisor           ; work         ;
;    |sequencia_ra_vhdl:U_CORE| ; 22 (22)     ; 7            ; 0          ; 0    ; 0            ; 15 (15)      ; 1 (1)             ; 6 (6)            ; 5 (5)           ; 0 (0)      ; |exercicio2_top|sequencia_ra_vhdl:U_CORE ; sequencia_ra_vhdl ; work         ;
+-------------------------------+-------------+--------------+------------+------+--------------+--------------+-------------------+------------------+-----------------+------------+------------------------------------------+-------------------+--------------+
Note: For table entries with two numbers listed, the numbers in parentheses indicate the number of resources of the given type used by the specific entity alone. The numbers listed outside of parentheses indicate the total resources of the given type used by the specific entity and all of its sub-entities in the hierarchy.


+---------------------------------------------------------------------------------+
; Registers Removed During Synthesis                                              ;
+---------------------------------------+-----------------------------------------+
; Register name                         ; Reason for Removal                      ;
+---------------------------------------+-----------------------------------------+
; divisor:U1|\P_div:count2[0]           ; Merged with divisor:U1|\P_div:count1[0] ;
; divisor:U1|\P_div:count2[1]           ; Merged with divisor:U1|\P_div:count1[1] ;
; Total Number of Removed Registers = 2 ;                                         ;
+---------------------------------------+-----------------------------------------+


+------------------------------------------------------+
; General Register Statistics                          ;
+----------------------------------------------+-------+
; Statistic                                    ; Value ;
+----------------------------------------------+-------+
; Total registers                              ; 58    ;
; Number of registers using Synchronous Clear  ; 10    ;
; Number of registers using Synchronous Load   ; 0     ;
; Number of registers using Asynchronous Clear ; 0     ;
; Number of registers using Asynchronous Load  ; 0     ;
; Number of registers using Clock Enable       ; 10    ;
; Number of registers using Preset             ; 0     ;
+----------------------------------------------+-------+


+--------------------------------------------------------------------------------------------------------------------------------------------------------------------+
; Multiplexer Restructuring Statistics (Restructuring Performed)                                                                                                     ;
+--------------------+-----------+---------------+----------------------+------------------------+------------+------------------------------------------------------+
; Multiplexer Inputs ; Bus Width ; Baseline Area ; Area if Restructured ; Saving if Restructured ; Registered ; Example Multiplexer Output                           ;
+--------------------+-----------+---------------+----------------------+------------------------+------------+------------------------------------------------------+
; 3:1                ; 5 bits    ; 10 LEs        ; 5 LEs                ; 5 LEs                  ; Yes        ; |exercicio2_top|debounce_v1:U2|counter_out[0]        ;
; 4:1                ; 5 bits    ; 10 LEs        ; 5 LEs                ; 5 LEs                  ; Yes        ; |exercicio2_top|sequencia_ra_vhdl:U_CORE|contador[3] ;
+--------------------+-----------+---------------+----------------------+------------------------+------------+------------------------------------------------------+


+---------------------------------------------------------+
; Parameter Settings for User Entity Instance: divisor:U1 ;
+----------------+----------+-----------------------------+
; Parameter Name ; Value    ; Type                        ;
+----------------+----------+-----------------------------+
; divisor_50m    ; 25000000 ; Signed Integer              ;
; divisor_50m2   ; 250000   ; Signed Integer              ;
+----------------+----------+-----------------------------+
Note: In order to hide this table in the UI and the text report file, please set the "Show Parameter Settings in Synthesis Report" option in "Analysis and Synthesis Settings -> More Settings" to "Off".


+-------------------------------------------------------------+
; Parameter Settings for User Entity Instance: debounce_v1:U2 ;
+----------------+-------+------------------------------------+
; Parameter Name ; Value ; Type                               ;
+----------------+-------+------------------------------------+
; counter_size   ; 4     ; Signed Integer                     ;
+----------------+-------+------------------------------------+
Note: In order to hide this table in the UI and the text report file, please set the "Show Parameter Settings in Synthesis Report" option in "Analysis and Synthesis Settings -> More Settings" to "Off".


+-------------------------------+
; Analysis & Synthesis Messages ;
+-------------------------------+
Info: *******************************************************************
Info: Running Quartus Prime Analysis & Synthesis
    Info: Version 20.1.1 Build 720 11/11/2020 SJ Lite Edition
    Info: Processing started: Thu Nov 27 19:46:51 2025
Info: Command: quartus_map --read_settings_files=on --write_settings_files=off exercicio2_top -c exercicio2_top
Warning (18236): Number of processors has not been specified which may cause overloading on shared machines.  Set the global assignment NUM_PARALLEL_PROCESSORS in your QSF to an appropriate value for best performance.
Info (20030): Parallel compilation is enabled and will use 2 of the 2 processors detected
Info (12021): Found 2 design units, including 1 entities, in source file sequencia_ra_vhdl.vhd
    Info (12022): Found design unit 1: sequencia_ra_vhdl-sequencia_qualquer_arch File: C:/Users/nicol/OneDrive/햞ea de Trabalho/Digitais/Aula_06/Quartus/ex2/sequencia_ra_vhdl.vhd Line: 12
    Info (12023): Found entity 1: sequencia_ra_vhdl File: C:/Users/nicol/OneDrive/햞ea de Trabalho/Digitais/Aula_06/Quartus/ex2/sequencia_ra_vhdl.vhd Line: 5
Info (12021): Found 2 design units, including 1 entities, in source file exercicio2_top.vhd
    Info (12022): Found design unit 1: exercicio2_top-struct File: C:/Users/nicol/OneDrive/햞ea de Trabalho/Digitais/Aula_06/Quartus/ex2/exercicio2_top.vhd Line: 18
    Info (12023): Found entity 1: exercicio2_top File: C:/Users/nicol/OneDrive/햞ea de Trabalho/Digitais/Aula_06/Quartus/ex2/exercicio2_top.vhd Line: 4
Info (12021): Found 2 design units, including 1 entities, in source file divisor.vhd
    Info (12022): Found design unit 1: divisor-divid File: C:/Users/nicol/OneDrive/햞ea de Trabalho/Digitais/Aula_06/Quartus/ex2/divisor.vhd Line: 14
    Info (12023): Found entity 1: divisor File: C:/Users/nicol/OneDrive/햞ea de Trabalho/Digitais/Aula_06/Quartus/ex2/divisor.vhd Line: 5
Info (12021): Found 2 design units, including 1 entities, in source file debounce_v1.vhd
    Info (12022): Found design unit 1: debounce_v1-logic File: C:/Users/nicol/OneDrive/햞ea de Trabalho/Digitais/Aula_06/Quartus/ex2/debounce_v1.vhd Line: 36
    Info (12023): Found entity 1: debounce_v1 File: C:/Users/nicol/OneDrive/햞ea de Trabalho/Digitais/Aula_06/Quartus/ex2/debounce_v1.vhd Line: 27
Info (12127): Elaborating entity "exercicio2_top" for the top level hierarchy
Info (12128): Elaborating entity "divisor" for hierarchy "divisor:U1" File: C:/Users/nicol/OneDrive/햞ea de Trabalho/Digitais/Aula_06/Quartus/ex2/exercicio2_top.vhd Line: 51
Info (12128): Elaborating entity "debounce_v1" for hierarchy "debounce_v1:U2" File: C:/Users/nicol/OneDrive/햞ea de Trabalho/Digitais/Aula_06/Quartus/ex2/exercicio2_top.vhd Line: 60
Info (12128): Elaborating entity "sequencia_ra_vhdl" for hierarchy "sequencia_ra_vhdl:U_CORE" File: C:/Users/nicol/OneDrive/햞ea de Trabalho/Digitais/Aula_06/Quartus/ex2/exercicio2_top.vhd Line: 64
Warning (13024): Output pins are stuck at VCC or GND
    Warning (13410): Pin "D7S_MSD[4]" is stuck at GND File: C:/Users/nicol/OneDrive/햞ea de Trabalho/Digitais/Aula_06/Quartus/ex2/exercicio2_top.vhd Line: 11
    Warning (13410): Pin "D7S_MSD[5]" is stuck at GND File: C:/Users/nicol/OneDrive/햞ea de Trabalho/Digitais/Aula_06/Quartus/ex2/exercicio2_top.vhd Line: 11
    Warning (13410): Pin "D7S_MSD[6]" is stuck at GND File: C:/Users/nicol/OneDrive/햞ea de Trabalho/Digitais/Aula_06/Quartus/ex2/exercicio2_top.vhd Line: 11
Warning (21074): Design contains 1 input pin(s) that do not drive logic
    Warning (15610): No output dependent on input pin "BTN_RST" File: C:/Users/nicol/OneDrive/햞ea de Trabalho/Digitais/Aula_06/Quartus/ex2/exercicio2_top.vhd Line: 8
Info (21057): Implemented 151 device resources after synthesis - the final resource count might be different
    Info (21058): Implemented 3 input pins
    Info (21059): Implemented 16 output pins
    Info (21061): Implemented 132 logic cells
Info: Quartus Prime Analysis & Synthesis was successful. 0 errors, 7 warnings
    Info: Peak virtual memory: 4766 megabytes
    Info: Processing ended: Thu Nov 27 19:47:09 2025
    Info: Elapsed time: 00:00:18
    Info: Total CPU time (on all processors): 00:00:35


