Flow report for ex_03_c_log
Mon Oct 06 15:05:23 2025
Quartus Prime Version 20.1.1 Build 720 11/11/2020 SJ Lite Edition


---------------------
; Table of Contents ;
---------------------
  1. Legal Notice
  2. Flow Summary
  3. Flow Settings
  4. Flow Non-Default Global Settings
  5. Flow Elapsed Time
  6. Flow OS Summary
  7. Flow Log
  8. Flow Messages
  9. Flow Suppressed Messages



----------------
; Legal Notice ;
----------------
Copyright (C) 2020  Intel Corporation. All rights reserved.
Your use of Intel Corporation's design tools, logic functions 
and other software and tools, and any partner logic 
functions, and any output files from any of the foregoing 
(including device programming or simulation files), and any 
associated documentation or information are expressly subject 
to the terms and conditions of the Intel Program License 
Subscription Agreement, the Intel Quartus Prime License Agreement,
the Intel FPGA IP License Agreement, or other applicable license
agreement, including, without limitation, that your use is for
the sole purpose of programming logic devices manufactured by
Intel and sold by Intel or its authorized distributors.  Please
refer to the applicable agreement for further details, at
https://fpgasoftware.intel.com/eula.



+---------------------------------------------------------------------+
; Flow Summary                                                        ;
+-----------------------+---------------------------------------------+
; Flow Status           ; Successful - Mon Oct 06 15:05:21 2025       ;
; Quartus Prime Version ; 20.1.1 Build 720 11/11/2020 SJ Lite Edition ;
; Revision Name         ; ex_03_c_log                                 ;
; Top-level Entity Name ; exercicio3c_top2                            ;
; Family                ; MAX II                                      ;
; Device                ; EPM240T100C5                                ;
; Timing Models         ; Final                                       ;
; Total logic elements  ; 49 / 240 ( 20 % )                           ;
; Total pins            ; 7 / 80 ( 9 % )                              ;
; Total virtual pins    ; 0                                           ;
; UFM blocks            ; 0 / 1 ( 0 % )                               ;
+-----------------------+---------------------------------------------+


+-----------------------------------------+
; Flow Settings                           ;
+-------------------+---------------------+
; Option            ; Setting             ;
+-------------------+---------------------+
; Start date & time ; 10/06/2025 15:05:02 ;
; Main task         ; Compilation         ;
; Revision Name     ; ex_03_c_log         ;
+-------------------+---------------------+


+-------------------------------------------------------------------------------------------------------------------+
; Flow Non-Default Global Settings                                                                                  ;
+---------------------------------------+--------------------------------+---------------+-------------+------------+
; Assignment Name                       ; Value                          ; Default Value ; Entity Name ; Section Id ;
+---------------------------------------+--------------------------------+---------------+-------------+------------+
; COMPILER_SIGNATURE_ID                 ; 27214220381776.175977390221468 ; --            ; --          ; --         ;
; MAX_CORE_JUNCTION_TEMP                ; 85                             ; --            ; --          ; --         ;
; MIN_CORE_JUNCTION_TEMP                ; 0                              ; --            ; --          ; --         ;
; POWER_EXT_SUPPLY_VOLTAGE_TO_REGULATOR ; 3.3V                           ; --            ; --          ; --         ;
; POWER_PRESET_COOLING_SOLUTION         ; No Heat Sink With Still Air    ; --            ; --          ; --         ;
; PROJECT_OUTPUT_DIRECTORY              ; output_files                   ; --            ; --          ; --         ;
; TOP_LEVEL_ENTITY                      ; exercicio3c_top2               ; ex_03_c_log   ; --          ; --         ;
+---------------------------------------+--------------------------------+---------------+-------------+------------+


+--------------------------------------------------------------------------------------------------------------------------+
; Flow Elapsed Time                                                                                                        ;
+----------------------+--------------+-------------------------+---------------------+------------------------------------+
; Module Name          ; Elapsed Time ; Average Processors Used ; Peak Virtual Memory ; Total CPU Time (on all processors) ;
+----------------------+--------------+-------------------------+---------------------+------------------------------------+
; Analysis & Synthesis ; 00:00:15     ; 1.0                     ; 4762 MB             ; 00:00:22                           ;
; Fitter               ; 00:00:02     ; 1.0                     ; 5331 MB             ; 00:00:02                           ;
; Assembler            ; 00:00:01     ; 1.0                     ; 4663 MB             ; 00:00:01                           ;
; Timing Analyzer      ; 00:00:01     ; 1.0                     ; 4680 MB             ; 00:00:01                           ;
; Total                ; 00:00:19     ; --                      ; --                  ; 00:00:26                           ;
+----------------------+--------------+-------------------------+---------------------+------------------------------------+


+------------------------------------------------------------------------------------+
; Flow OS Summary                                                                    ;
+----------------------+------------------+------------+------------+----------------+
; Module Name          ; Machine Hostname ; OS Name    ; OS Version ; Processor type ;
+----------------------+------------------+------------+------------+----------------+
; Analysis & Synthesis ; Desk_Luiza       ; Windows 10 ; 10.0       ; x86_64         ;
; Fitter               ; Desk_Luiza       ; Windows 10 ; 10.0       ; x86_64         ;
; Assembler            ; Desk_Luiza       ; Windows 10 ; 10.0       ; x86_64         ;
; Timing Analyzer      ; Desk_Luiza       ; Windows 10 ; 10.0       ; x86_64         ;
+----------------------+------------------+------------+------------+----------------+


------------
; Flow Log ;
------------
quartus_map --read_settings_files=on --write_settings_files=off ex_03_c_log -c ex_03_c_log
quartus_fit --read_settings_files=off --write_settings_files=off ex_03_c_log -c ex_03_c_log
quartus_asm --read_settings_files=off --write_settings_files=off ex_03_c_log -c ex_03_c_log
quartus_sta ex_03_c_log -c ex_03_c_log



